0 info it worked if it ends with ok
1 verbose cli [ 'node',
1 verbose cli   '/usr/local/bin/npm',
1 verbose cli   'install',
1 verbose cli   'filesave.js',
1 verbose cli   '--save' ]
2 info using npm@1.4.28
3 info using node@v0.10.33
4 warn package.json polytogeojson@0.0.1 No README data
5 verbose readDependencies using package.json deps
6 verbose cache add [ 'filesave.js', null ]
7 verbose cache add name=undefined spec="filesave.js" args=["filesave.js",null]
8 verbose parsed url { protocol: null,
8 verbose parsed url   slashes: null,
8 verbose parsed url   auth: null,
8 verbose parsed url   host: null,
8 verbose parsed url   port: null,
8 verbose parsed url   hostname: null,
8 verbose parsed url   hash: null,
8 verbose parsed url   search: null,
8 verbose parsed url   query: null,
8 verbose parsed url   pathname: 'filesave.js',
8 verbose parsed url   path: 'filesave.js',
8 verbose parsed url   href: 'filesave.js' }
9 silly lockFile 93b60f19-filesave-js filesave.js
10 verbose lock filesave.js /Users/fsrowe/.npm/93b60f19-filesave-js.lock
11 silly lockFile 93b60f19-filesave-js filesave.js
12 silly lockFile 93b60f19-filesave-js filesave.js
13 verbose addNamed [ 'filesave.js', '' ]
14 verbose addNamed [ null, '*' ]
15 silly lockFile 3c922a40-filesave-js filesave.js@
16 verbose lock filesave.js@ /Users/fsrowe/.npm/3c922a40-filesave-js.lock
17 silly addNameRange { name: 'filesave.js', range: '*', hasData: false }
18 verbose request where is /filesave.js
19 verbose request registry https://registry.npmjs.org/
20 verbose request id 9622779defcc7c68
21 verbose url raw /filesave.js
22 verbose url resolving [ 'https://registry.npmjs.org/', './filesave.js' ]
23 verbose url resolved https://registry.npmjs.org/filesave.js
24 verbose request where is https://registry.npmjs.org/filesave.js
25 info trying registry request attempt 1 at 15:10:38
26 http GET https://registry.npmjs.org/filesave.js
27 http 404 https://registry.npmjs.org/filesave.js
28 verbose headers { date: 'Wed, 01 Apr 2015 19:10:38 GMT',
28 verbose headers   server: 'CouchDB/1.5.0 (Erlang OTP/R16B03)',
28 verbose headers   'content-type': 'application/json',
28 verbose headers   'cache-control': 'max-age=0',
28 verbose headers   'content-length': '51',
28 verbose headers   'accept-ranges': 'bytes',
28 verbose headers   via: '1.1 varnish',
28 verbose headers   age: '0',
28 verbose headers   'x-served-by': 'cache-jfk1031-JFK',
28 verbose headers   'x-cache': 'MISS',
28 verbose headers   'x-cache-hits': '0',
28 verbose headers   'x-timer': 'S1427915438.735448,VS0,VE21',
28 verbose headers   'keep-alive': 'timeout=10, max=50',
28 verbose headers   connection: 'Keep-Alive' }
29 silly registry.get cb [ 404,
29 silly registry.get   { date: 'Wed, 01 Apr 2015 19:10:38 GMT',
29 silly registry.get     server: 'CouchDB/1.5.0 (Erlang OTP/R16B03)',
29 silly registry.get     'content-type': 'application/json',
29 silly registry.get     'cache-control': 'max-age=0',
29 silly registry.get     'content-length': '51',
29 silly registry.get     'accept-ranges': 'bytes',
29 silly registry.get     via: '1.1 varnish',
29 silly registry.get     age: '0',
29 silly registry.get     'x-served-by': 'cache-jfk1031-JFK',
29 silly registry.get     'x-cache': 'MISS',
29 silly registry.get     'x-cache-hits': '0',
29 silly registry.get     'x-timer': 'S1427915438.735448,VS0,VE21',
29 silly registry.get     'keep-alive': 'timeout=10, max=50',
29 silly registry.get     connection: 'Keep-Alive' } ]
30 silly lockFile 3c922a40-filesave-js filesave.js@
31 silly lockFile 3c922a40-filesave-js filesave.js@
32 error 404 404 Not Found: filesave.js
32 error 404
32 error 404 'filesave.js' is not in the npm registry.
32 error 404 You should bug the author to publish it
32 error 404 It was specified as a dependency of 'ugis'
32 error 404
32 error 404 Maybe try 'npm search filesave'
32 error 404
32 error 404 Note that you can also install from a
32 error 404 tarball, folder, or http url, or git url.
33 error System Darwin 14.1.0
34 error command "node" "/usr/local/bin/npm" "install" "filesave.js" "--save"
35 error cwd /Users/fsrowe/web/ugis
36 error node -v v0.10.33
37 error npm -v 1.4.28
38 error code E404
39 verbose exit [ 1, true ]
